2025-08-03 21:00:28,112 - INFO - HTTP Request: POST https://api.telegram.org/bot7467409659:AAECM2gp_2LQfgDYVO9fh5NKCJkucUBXAzk/getMe "HTTP/1.1 200 OK"
2025-08-03 21:00:28,346 - INFO - HTTP Request: POST https://api.telegram.org/bot7467409659:AAECM2gp_2LQfgDYVO9fh5NKCJkucUBXAzk/deleteWebhook "HTTP/1.1 200 OK"
2025-08-03 21:00:28,347 - INFO - Application started
2025-08-03 21:00:28,546 - INFO - HTTP Request: POST https://api.telegram.org/bot7467409659:AAECM2gp_2LQfgDYVO9fh5NKCJkucUBXAzk/sendMessage "HTTP/1.1 200 OK"
2025-08-03 21:00:39,135 - INFO - HTTP Request: POST https://api.telegram.org/bot7467409659:AAECM2gp_2LQfgDYVO9fh5NKCJkucUBXAzk/getUpdates "HTTP/1.1 200 OK"
2025-08-03 21:00:50,676 - INFO - HTTP Request: POST https://api.telegram.org/bot7467409659:AAECM2gp_2LQfgDYVO9fh5NKCJkucUBXAzk/getUpdates "HTTP/1.1 200 OK"
2025-08-03 21:01:00,890 - INFO - HTTP Request: POST https://api.telegram.org/bot7467409659:AAECM2gp_2LQfgDYVO9fh5NKCJkucUBXAzk/getUpdates "HTTP/1.1 200 OK"
2025-08-03 21:01:11,106 - INFO - HTTP Request: POST https://api.telegram.org/bot7467409659:AAECM2gp_2LQfgDYVO9fh5NKCJkucUBXAzk/getUpdates "HTTP/1.1 200 OK"
2025-08-03 21:01:21,359 - INFO - HTTP Request: POST https://api.telegram.org/bot7467409659:AAECM2gp_2LQfgDYVO9fh5NKCJkucUBXAzk/getUpdates "HTTP/1.1 200 OK"
2025-08-03 21:01:30,101 - INFO - HTTP Request: POST https://api.telegram.org/bot7467409659:AAECM2gp_2LQfgDYVO9fh5NKCJkucUBXAzk/sendMessage "HTTP/1.1 200 OK"
2025-08-03 21:01:31,598 - INFO - HTTP Request: POST https://api.telegram.org/bot7467409659:AAECM2gp_2LQfgDYVO9fh5NKCJkucUBXAzk/getUpdates "HTTP/1.1 200 OK"
2025-08-03 21:01:41,830 - INFO - HTTP Request: POST https://api.telegram.org/bot7467409659:AAECM2gp_2LQfgDYVO9fh5NKCJkucUBXAzk/getUpdates "HTTP/1.1 200 OK"
2025-08-03 21:01:52,173 - INFO - HTTP Request: POST https://api.telegram.org/bot7467409659:AAECM2gp_2LQfgDYVO9fh5NKCJkucUBXAzk/getUpdates "HTTP/1.1 200 OK"
2025-08-03 21:02:02,413 - INFO - HTTP Request: POST https://api.telegram.org/bot7467409659:AAECM2gp_2LQfgDYVO9fh5NKCJkucUBXAzk/getUpdates "HTTP/1.1 200 OK"
2025-08-03 21:02:12,648 - INFO - HTTP Request: POST https://api.telegram.org/bot7467409659:AAECM2gp_2LQfgDYVO9fh5NKCJkucUBXAzk/getUpdates "HTTP/1.1 200 OK"
2025-08-03 21:02:22,879 - INFO - HTTP Request: POST https://api.telegram.org/bot7467409659:AAECM2gp_2LQfgDYVO9fh5NKCJkucUBXAzk/getUpdates "HTTP/1.1 200 OK"
2025-08-03 21:02:31,409 - INFO - HTTP Request: POST https://api.telegram.org/bot7467409659:AAECM2gp_2LQfgDYVO9fh5NKCJkucUBXAzk/sendMessage "HTTP/1.1 200 OK"
2025-08-03 21:02:33,125 - INFO - HTTP Request: POST https://api.telegram.org/bot7467409659:AAECM2gp_2LQfgDYVO9fh5NKCJkucUBXAzk/getUpdates "HTTP/1.1 200 OK"
2025-08-03 21:02:43,366 - INFO - HTTP Request: POST https://api.telegram.org/bot7467409659:AAECM2gp_2LQfgDYVO9fh5NKCJkucUBXAzk/getUpdates "HTTP/1.1 200 OK"
2025-08-03 21:02:53,578 - INFO - HTTP Request: POST https://api.telegram.org/bot7467409659:AAECM2gp_2LQfgDYVO9fh5NKCJkucUBXAzk/getUpdates "HTTP/1.1 200 OK"
2025-08-03 21:03:03,847 - INFO - HTTP Request: POST https://api.telegram.org/bot7467409659:AAECM2gp_2LQfgDYVO9fh5NKCJkucUBXAzk/getUpdates "HTTP/1.1 200 OK"
2025-08-03 21:03:14,509 - INFO - HTTP Request: POST https://api.telegram.org/bot7467409659:AAECM2gp_2LQfgDYVO9fh5NKCJkucUBXAzk/getUpdates "HTTP/1.1 200 OK"
2025-08-03 21:03:24,726 - INFO - HTTP Request: POST https://api.telegram.org/bot7467409659:AAECM2gp_2LQfgDYVO9fh5NKCJkucUBXAzk/getUpdates "HTTP/1.1 200 OK"
2025-08-03 21:03:32,676 - INFO - HTTP Request: POST https://api.telegram.org/bot7467409659:AAECM2gp_2LQfgDYVO9fh5NKCJkucUBXAzk/sendMessage "HTTP/1.1 200 OK"
2025-08-03 21:03:34,933 - INFO - HTTP Request: POST https://api.telegram.org/bot7467409659:AAECM2gp_2LQfgDYVO9fh5NKCJkucUBXAzk/getUpdates "HTTP/1.1 200 OK"
2025-08-03 21:03:45,141 - INFO - HTTP Request: POST https://api.telegram.org/bot7467409659:AAECM2gp_2LQfgDYVO9fh5NKCJkucUBXAzk/getUpdates "HTTP/1.1 200 OK"
2025-08-03 21:03:55,348 - INFO - HTTP Request: POST https://api.telegram.org/bot7467409659:AAECM2gp_2LQfgDYVO9fh5NKCJkucUBXAzk/getUpdates "HTTP/1.1 200 OK"
2025-08-03 21:04:05,552 - INFO - HTTP Request: POST https://api.telegram.org/bot7467409659:AAECM2gp_2LQfgDYVO9fh5NKCJkucUBXAzk/getUpdates "HTTP/1.1 200 OK"
2025-08-03 21:04:15,784 - INFO - HTTP Request: POST https://api.telegram.org/bot7467409659:AAECM2gp_2LQfgDYVO9fh5NKCJkucUBXAzk/getUpdates "HTTP/1.1 200 OK"
2025-08-03 21:04:26,012 - INFO - HTTP Request: POST https://api.telegram.org/bot7467409659:AAECM2gp_2LQfgDYVO9fh5NKCJkucUBXAzk/getUpdates "HTTP/1.1 200 OK"
2025-08-03 21:04:33,859 - INFO - HTTP Request: POST https://api.telegram.org/bot7467409659:AAECM2gp_2LQfgDYVO9fh5NKCJkucUBXAzk/sendMessage "HTTP/1.1 200 OK"
2025-08-03 21:04:36,249 - INFO - HTTP Request: POST https://api.telegram.org/bot7467409659:AAECM2gp_2LQfgDYVO9fh5NKCJkucUBXAzk/getUpdates "HTTP/1.1 200 OK"
2025-08-03 21:04:46,483 - INFO - HTTP Request: POST https://api.telegram.org/bot7467409659:AAECM2gp_2LQfgDYVO9fh5NKCJkucUBXAzk/getUpdates "HTTP/1.1 200 OK"
2025-08-03 21:04:56,721 - INFO - HTTP Request: POST https://api.telegram.org/bot7467409659:AAECM2gp_2LQfgDYVO9fh5NKCJkucUBXAzk/getUpdates "HTTP/1.1 200 OK"
2025-08-03 21:05:06,940 - INFO - HTTP Request: POST https://api.telegram.org/bot7467409659:AAECM2gp_2LQfgDYVO9fh5NKCJkucUBXAzk/getUpdates "HTTP/1.1 200 OK"
2025-08-03 21:05:17,151 - INFO - HTTP Request: POST https://api.telegram.org/bot7467409659:AAECM2gp_2LQfgDYVO9fh5NKCJkucUBXAzk/getUpdates "HTTP/1.1 200 OK"
2025-08-03 21:05:27,365 - INFO - HTTP Request: POST https://api.telegram.org/bot7467409659:AAECM2gp_2LQfgDYVO9fh5NKCJkucUBXAzk/getUpdates "HTTP/1.1 200 OK"
2025-08-03 21:05:34,992 - INFO - HTTP Request: POST https://api.telegram.org/bot7467409659:AAECM2gp_2LQfgDYVO9fh5NKCJkucUBXAzk/sendMessage "HTTP/1.1 200 OK"
2025-08-03 21:05:37,580 - INFO - HTTP Request: POST https://api.telegram.org/bot7467409659:AAECM2gp_2LQfgDYVO9fh5NKCJkucUBXAzk/getUpdates "HTTP/1.1 200 OK"
2025-08-03 21:05:47,796 - INFO - HTTP Request: POST https://api.telegram.org/bot7467409659:AAECM2gp_2LQfgDYVO9fh5NKCJkucUBXAzk/getUpdates "HTTP/1.1 200 OK"
2025-08-03 21:05:58,033 - INFO - HTTP Request: POST https://api.telegram.org/bot7467409659:AAECM2gp_2LQfgDYVO9fh5NKCJkucUBXAzk/getUpdates "HTTP/1.1 200 OK"
2025-08-03 21:06:08,278 - INFO - HTTP Request: POST https://api.telegram.org/bot7467409659:AAECM2gp_2LQfgDYVO9fh5NKCJkucUBXAzk/getUpdates "HTTP/1.1 200 OK"
2025-08-03 21:06:18,521 - INFO - HTTP Request: POST https://api.telegram.org/bot7467409659:AAECM2gp_2LQfgDYVO9fh5NKCJkucUBXAzk/getUpdates "HTTP/1.1 200 OK"
2025-08-03 21:06:29,234 - INFO - HTTP Request: POST https://api.telegram.org/bot7467409659:AAECM2gp_2LQfgDYVO9fh5NKCJkucUBXAzk/getUpdates "HTTP/1.1 200 OK"
2025-08-03 21:06:37,343 - INFO - HTTP Request: POST https://api.telegram.org/bot7467409659:AAECM2gp_2LQfgDYVO9fh5NKCJkucUBXAzk/sendMessage "HTTP/1.1 200 OK"
2025-08-03 21:06:39,446 - INFO - HTTP Request: POST https://api.telegram.org/bot7467409659:AAECM2gp_2LQfgDYVO9fh5NKCJkucUBXAzk/getUpdates "HTTP/1.1 200 OK"
2025-08-03 21:06:49,661 - INFO - HTTP Request: POST https://api.telegram.org/bot7467409659:AAECM2gp_2LQfgDYVO9fh5NKCJkucUBXAzk/getUpdates "HTTP/1.1 200 OK"
2025-08-03 21:06:59,881 - INFO - HTTP Request: POST https://api.telegram.org/bot7467409659:AAECM2gp_2LQfgDYVO9fh5NKCJkucUBXAzk/getUpdates "HTTP/1.1 200 OK"
2025-08-03 21:07:10,530 - INFO - HTTP Request: POST https://api.telegram.org/bot7467409659:AAECM2gp_2LQfgDYVO9fh5NKCJkucUBXAzk/getUpdates "HTTP/1.1 200 OK"
2025-08-03 21:07:20,761 - INFO - HTTP Request: POST https://api.telegram.org/bot7467409659:AAECM2gp_2LQfgDYVO9fh5NKCJkucUBXAzk/getUpdates "HTTP/1.1 200 OK"
2025-08-03 21:07:30,971 - INFO - HTTP Request: POST https://api.telegram.org/bot7467409659:AAECM2gp_2LQfgDYVO9fh5NKCJkucUBXAzk/getUpdates "HTTP/1.1 200 OK"
2025-08-03 21:07:38,859 - INFO - HTTP Request: POST https://api.telegram.org/bot7467409659:AAECM2gp_2LQfgDYVO9fh5NKCJkucUBXAzk/sendMessage "HTTP/1.1 200 OK"
2025-08-03 21:07:41,172 - INFO - HTTP Request: POST https://api.telegram.org/bot7467409659:AAECM2gp_2LQfgDYVO9fh5NKCJkucUBXAzk/getUpdates "HTTP/1.1 200 OK"
2025-08-03 21:07:51,377 - INFO - HTTP Request: POST https://api.telegram.org/bot7467409659:AAECM2gp_2LQfgDYVO9fh5NKCJkucUBXAzk/getUpdates "HTTP/1.1 200 OK"
2025-08-03 21:08:01,597 - INFO - HTTP Request: POST https://api.telegram.org/bot7467409659:AAECM2gp_2LQfgDYVO9fh5NKCJkucUBXAzk/getUpdates "HTTP/1.1 200 OK"
2025-08-03 21:08:11,801 - INFO - HTTP Request: POST https://api.telegram.org/bot7467409659:AAECM2gp_2LQfgDYVO9fh5NKCJkucUBXAzk/getUpdates "HTTP/1.1 200 OK"
2025-08-03 21:08:22,446 - INFO - HTTP Request: POST https://api.telegram.org/bot7467409659:AAECM2gp_2LQfgDYVO9fh5NKCJkucUBXAzk/getUpdates "HTTP/1.1 200 OK"
2025-08-03 21:08:32,727 - INFO - HTTP Request: POST https://api.telegram.org/bot7467409659:AAECM2gp_2LQfgDYVO9fh5NKCJkucUBXAzk/getUpdates "HTTP/1.1 200 OK"
2025-08-03 21:08:40,246 - INFO - HTTP Request: POST https://api.telegram.org/bot7467409659:AAECM2gp_2LQfgDYVO9fh5NKCJkucUBXAzk/sendMessage "HTTP/1.1 200 OK"
2025-08-03 21:08:42,965 - INFO - HTTP Request: POST https://api.telegram.org/bot7467409659:AAECM2gp_2LQfgDYVO9fh5NKCJkucUBXAzk/getUpdates "HTTP/1.1 200 OK"
2025-08-03 21:08:53,202 - INFO - HTTP Request: POST https://api.telegram.org/bot7467409659:AAECM2gp_2LQfgDYVO9fh5NKCJkucUBXAzk/getUpdates "HTTP/1.1 200 OK"
2025-08-03 21:09:03,448 - INFO - HTTP Request: POST https://api.telegram.org/bot7467409659:AAECM2gp_2LQfgDYVO9fh5NKCJkucUBXAzk/getUpdates "HTTP/1.1 200 OK"
2025-08-03 21:09:13,649 - INFO - HTTP Request: POST https://api.telegram.org/bot7467409659:AAECM2gp_2LQfgDYVO9fh5NKCJkucUBXAzk/getUpdates "HTTP/1.1 200 OK"
2025-08-03 21:09:24,147 - INFO - HTTP Request: POST https://api.telegram.org/bot7467409659:AAECM2gp_2LQfgDYVO9fh5NKCJkucUBXAzk/getUpdates "HTTP/1.1 200 OK"
2025-08-03 21:09:35,086 - INFO - HTTP Request: POST https://api.telegram.org/bot7467409659:AAECM2gp_2LQfgDYVO9fh5NKCJkucUBXAzk/getUpdates "HTTP/1.1 200 OK"
2025-08-03 21:09:41,468 - INFO - HTTP Request: POST https://api.telegram.org/bot7467409659:AAECM2gp_2LQfgDYVO9fh5NKCJkucUBXAzk/sendMessage "HTTP/1.1 200 OK"
2025-08-03 21:09:45,358 - INFO - HTTP Request: POST https://api.telegram.org/bot7467409659:AAECM2gp_2LQfgDYVO9fh5NKCJkucUBXAzk/getUpdates "HTTP/1.1 200 OK"
2025-08-03 21:09:55,569 - INFO - HTTP Request: POST https://api.telegram.org/bot7467409659:AAECM2gp_2LQfgDYVO9fh5NKCJkucUBXAzk/getUpdates "HTTP/1.1 200 OK"
2025-08-03 21:10:05,771 - INFO - HTTP Request: POST https://api.telegram.org/bot7467409659:AAECM2gp_2LQfgDYVO9fh5NKCJkucUBXAzk/getUpdates "HTTP/1.1 200 OK"
2025-08-03 21:10:16,004 - INFO - HTTP Request: POST https://api.telegram.org/bot7467409659:AAECM2gp_2LQfgDYVO9fh5NKCJkucUBXAzk/getUpdates "HTTP/1.1 200 OK"
2025-08-03 21:10:26,309 - INFO - HTTP Request: POST https://api.telegram.org/bot7467409659:AAECM2gp_2LQfgDYVO9fh5NKCJkucUBXAzk/getUpdates "HTTP/1.1 200 OK"
2025-08-03 21:10:36,514 - INFO - HTTP Request: POST https://api.telegram.org/bot7467409659:AAECM2gp_2LQfgDYVO9fh5NKCJkucUBXAzk/getUpdates "HTTP/1.1 200 OK"
2025-08-03 21:10:42,590 - INFO - HTTP Request: POST https://api.telegram.org/bot7467409659:AAECM2gp_2LQfgDYVO9fh5NKCJkucUBXAzk/sendMessage "HTTP/1.1 200 OK"
2025-08-03 21:10:47,603 - INFO - HTTP Request: POST https://api.telegram.org/bot7467409659:AAECM2gp_2LQfgDYVO9fh5NKCJkucUBXAzk/getUpdates "HTTP/1.1 200 OK"
2025-08-03 21:10:58,391 - INFO - HTTP Request: POST https://api.telegram.org/bot7467409659:AAECM2gp_2LQfgDYVO9fh5NKCJkucUBXAzk/getUpdates "HTTP/1.1 200 OK"
2025-08-03 21:11:08,594 - INFO - HTTP Request: POST https://api.telegram.org/bot7467409659:AAECM2gp_2LQfgDYVO9fh5NKCJkucUBXAzk/getUpdates "HTTP/1.1 200 OK"
2025-08-03 21:11:18,791 - INFO - HTTP Request: POST https://api.telegram.org/bot7467409659:AAECM2gp_2LQfgDYVO9fh5NKCJkucUBXAzk/getUpdates "HTTP/1.1 200 OK"
2025-08-03 21:11:29,016 - INFO - HTTP Request: POST https://api.telegram.org/bot7467409659:AAECM2gp_2LQfgDYVO9fh5NKCJkucUBXAzk/getUpdates "HTTP/1.1 200 OK"
2025-08-03 21:11:39,253 - INFO - HTTP Request: POST https://api.telegram.org/bot7467409659:AAECM2gp_2LQfgDYVO9fh5NKCJkucUBXAzk/getUpdates "HTTP/1.1 200 OK"
2025-08-03 21:11:44,757 - INFO - HTTP Request: POST https://api.telegram.org/bot7467409659:AAECM2gp_2LQfgDYVO9fh5NKCJkucUBXAzk/sendMessage "HTTP/1.1 200 OK"
2025-08-03 21:11:49,453 - INFO - HTTP Request: POST https://api.telegram.org/bot7467409659:AAECM2gp_2LQfgDYVO9fh5NKCJkucUBXAzk/getUpdates "HTTP/1.1 200 OK"
2025-08-03 21:11:59,678 - INFO - HTTP Request: POST https://api.telegram.org/bot7467409659:AAECM2gp_2LQfgDYVO9fh5NKCJkucUBXAzk/getUpdates "HTTP/1.1 200 OK"
2025-08-03 21:12:09,921 - INFO - HTTP Request: POST https://api.telegram.org/bot7467409659:AAECM2gp_2LQfgDYVO9fh5NKCJkucUBXAzk/getUpdates "HTTP/1.1 200 OK"
2025-08-03 21:12:20,124 - INFO - HTTP Request: POST https://api.telegram.org/bot7467409659:AAECM2gp_2LQfgDYVO9fh5NKCJkucUBXAzk/getUpdates "HTTP/1.1 200 OK"
2025-08-03 21:12:30,507 - INFO - HTTP Request: POST https://api.telegram.org/bot7467409659:AAECM2gp_2LQfgDYVO9fh5NKCJkucUBXAzk/getUpdates "HTTP/1.1 200 OK"
2025-08-03 21:12:41,215 - INFO - HTTP Request: POST https://api.telegram.org/bot7467409659:AAECM2gp_2LQfgDYVO9fh5NKCJkucUBXAzk/getUpdates "HTTP/1.1 200 OK"
2025-08-03 21:12:46,900 - INFO - HTTP Request: POST https://api.telegram.org/bot7467409659:AAECM2gp_2LQfgDYVO9fh5NKCJkucUBXAzk/sendMessage "HTTP/1.1 200 OK"
2025-08-03 21:12:51,551 - INFO - HTTP Request: POST https://api.telegram.org/bot7467409659:AAECM2gp_2LQfgDYVO9fh5NKCJkucUBXAzk/getUpdates "HTTP/1.1 200 OK"
2025-08-03 21:13:01,791 - INFO - HTTP Request: POST https://api.telegram.org/bot7467409659:AAECM2gp_2LQfgDYVO9fh5NKCJkucUBXAzk/getUpdates "HTTP/1.1 200 OK"
2025-08-03 21:13:12,008 - INFO - HTTP Request: POST https://api.telegram.org/bot7467409659:AAECM2gp_2LQfgDYVO9fh5NKCJkucUBXAzk/getUpdates "HTTP/1.1 200 OK"
2025-08-03 21:13:22,223 - INFO - HTTP Request: POST https://api.telegram.org/bot7467409659:AAECM2gp_2LQfgDYVO9fh5NKCJkucUBXAzk/getUpdates "HTTP/1.1 200 OK"
2025-08-03 21:13:32,433 - INFO - HTTP Request: POST https://api.telegram.org/bot7467409659:AAECM2gp_2LQfgDYVO9fh5NKCJkucUBXAzk/getUpdates "HTTP/1.1 200 OK"
2025-08-03 21:13:42,641 - INFO - HTTP Request: POST https://api.telegram.org/bot7467409659:AAECM2gp_2LQfgDYVO9fh5NKCJkucUBXAzk/getUpdates "HTTP/1.1 200 OK"
2025-08-03 21:13:51,424 - INFO - HTTP Request: POST https://api.telegram.org/bot7467409659:AAECM2gp_2LQfgDYVO9fh5NKCJkucUBXAzk/sendMessage "HTTP/1.1 200 OK"
2025-08-03 21:13:52,876 - INFO - HTTP Request: POST https://api.telegram.org/bot7467409659:AAECM2gp_2LQfgDYVO9fh5NKCJkucUBXAzk/getUpdates "HTTP/1.1 200 OK"
2025-08-03 21:14:03,100 - INFO - HTTP Request: POST https://api.telegram.org/bot7467409659:AAECM2gp_2LQfgDYVO9fh5NKCJkucUBXAzk/getUpdates "HTTP/1.1 200 OK"
2025-08-03 21:14:13,297 - INFO - HTTP Request: POST https://api.telegram.org/bot7467409659:AAECM2gp_2LQfgDYVO9fh5NKCJkucUBXAzk/getUpdates "HTTP/1.1 200 OK"
2025-08-03 21:14:23,491 - INFO - HTTP Request: POST https://api.telegram.org/bot7467409659:AAECM2gp_2LQfgDYVO9fh5NKCJkucUBXAzk/getUpdates "HTTP/1.1 200 OK"
2025-08-03 21:14:33,687 - INFO - HTTP Request: POST https://api.telegram.org/bot7467409659:AAECM2gp_2LQfgDYVO9fh5NKCJkucUBXAzk/getUpdates "HTTP/1.1 200 OK"
2025-08-03 21:14:44,008 - INFO - HTTP Request: POST https://api.telegram.org/bot7467409659:AAECM2gp_2LQfgDYVO9fh5NKCJkucUBXAzk/getUpdates "HTTP/1.1 200 OK"
2025-08-03 21:14:52,565 - INFO - HTTP Request: POST https://api.telegram.org/bot7467409659:AAECM2gp_2LQfgDYVO9fh5NKCJkucUBXAzk/sendMessage "HTTP/1.1 200 OK"
2025-08-03 21:14:54,696 - INFO - HTTP Request: POST https://api.telegram.org/bot7467409659:AAECM2gp_2LQfgDYVO9fh5NKCJkucUBXAzk/getUpdates "HTTP/1.1 200 OK"
2025-08-03 21:15:04,965 - INFO - HTTP Request: POST https://api.telegram.org/bot7467409659:AAECM2gp_2LQfgDYVO9fh5NKCJkucUBXAzk/getUpdates "HTTP/1.1 200 OK"
2025-08-03 21:15:15,203 - INFO - HTTP Request: POST https://api.telegram.org/bot7467409659:AAECM2gp_2LQfgDYVO9fh5NKCJkucUBXAzk/getUpdates "HTTP/1.1 200 OK"
2025-08-03 21:15:25,440 - INFO - HTTP Request: POST https://api.telegram.org/bot7467409659:AAECM2gp_2LQfgDYVO9fh5NKCJkucUBXAzk/getUpdates "HTTP/1.1 200 OK"
2025-08-03 21:15:35,650 - INFO - HTTP Request: POST https://api.telegram.org/bot7467409659:AAECM2gp_2LQfgDYVO9fh5NKCJkucUBXAzk/getUpdates "HTTP/1.1 200 OK"
2025-08-03 21:15:45,852 - INFO - HTTP Request: POST https://api.telegram.org/bot7467409659:AAECM2gp_2LQfgDYVO9fh5NKCJkucUBXAzk/getUpdates "HTTP/1.1 200 OK"
2025-08-03 21:15:53,925 - INFO - HTTP Request: POST https://api.telegram.org/bot7467409659:AAECM2gp_2LQfgDYVO9fh5NKCJkucUBXAzk/sendMessage "HTTP/1.1 200 OK"
2025-08-03 21:15:56,079 - INFO - HTTP Request: POST https://api.telegram.org/bot7467409659:AAECM2gp_2LQfgDYVO9fh5NKCJkucUBXAzk/getUpdates "HTTP/1.1 200 OK"
2025-08-03 21:16:06,290 - INFO - HTTP Request: POST https://api.telegram.org/bot7467409659:AAECM2gp_2LQfgDYVO9fh5NKCJkucUBXAzk/getUpdates "HTTP/1.1 200 OK"
2025-08-03 21:16:16,503 - INFO - HTTP Request: POST https://api.telegram.org/bot7467409659:AAECM2gp_2LQfgDYVO9fh5NKCJkucUBXAzk/getUpdates "HTTP/1.1 200 OK"
2025-08-03 21:16:26,865 - INFO - HTTP Request: POST https://api.telegram.org/bot7467409659:AAECM2gp_2LQfgDYVO9fh5NKCJkucUBXAzk/getUpdates "HTTP/1.1 200 OK"
2025-08-03 21:16:37,073 - INFO - HTTP Request: POST https://api.telegram.org/bot7467409659:AAECM2gp_2LQfgDYVO9fh5NKCJkucUBXAzk/getUpdates "HTTP/1.1 200 OK"
2025-08-03 21:16:47,321 - INFO - HTTP Request: POST https://api.telegram.org/bot7467409659:AAECM2gp_2LQfgDYVO9fh5NKCJkucUBXAzk/getUpdates "HTTP/1.1 200 OK"
2025-08-03 21:16:55,133 - INFO - HTTP Request: POST https://api.telegram.org/bot7467409659:AAECM2gp_2LQfgDYVO9fh5NKCJkucUBXAzk/sendMessage "HTTP/1.1 200 OK"
2025-08-03 21:16:57,556 - INFO - HTTP Request: POST https://api.telegram.org/bot7467409659:AAECM2gp_2LQfgDYVO9fh5NKCJkucUBXAzk/getUpdates "HTTP/1.1 200 OK"
2025-08-03 21:17:08,058 - INFO - HTTP Request: POST https://api.telegram.org/bot7467409659:AAECM2gp_2LQfgDYVO9fh5NKCJkucUBXAzk/getUpdates "HTTP/1.1 200 OK"
2025-08-03 21:17:18,717 - INFO - HTTP Request: POST https://api.telegram.org/bot7467409659:AAECM2gp_2LQfgDYVO9fh5NKCJkucUBXAzk/getUpdates "HTTP/1.1 200 OK"
2025-08-03 21:17:28,932 - INFO - HTTP Request: POST https://api.telegram.org/bot7467409659:AAECM2gp_2LQfgDYVO9fh5NKCJkucUBXAzk/getUpdates "HTTP/1.1 200 OK"
2025-08-03 21:17:39,137 - INFO - HTTP Request: POST https://api.telegram.org/bot7467409659:AAECM2gp_2LQfgDYVO9fh5NKCJkucUBXAzk/getUpdates "HTTP/1.1 200 OK"
2025-08-03 21:17:51,663 - INFO - HTTP Request: POST https://api.telegram.org/bot7467409659:AAECM2gp_2LQfgDYVO9fh5NKCJkucUBXAzk/getUpdates "HTTP/1.1 200 OK"
2025-08-03 21:17:56,288 - INFO - HTTP Request: POST https://api.telegram.org/bot7467409659:AAECM2gp_2LQfgDYVO9fh5NKCJkucUBXAzk/sendMessage "HTTP/1.1 200 OK"
2025-08-03 21:18:02,485 - INFO - HTTP Request: POST https://api.telegram.org/bot7467409659:AAECM2gp_2LQfgDYVO9fh5NKCJkucUBXAzk/getUpdates "HTTP/1.1 200 OK"
2025-08-03 21:18:12,770 - INFO - HTTP Request: POST https://api.telegram.org/bot7467409659:AAECM2gp_2LQfgDYVO9fh5NKCJkucUBXAzk/getUpdates "HTTP/1.1 200 OK"
2025-08-03 21:18:22,974 - INFO - HTTP Request: POST https://api.telegram.org/bot7467409659:AAECM2gp_2LQfgDYVO9fh5NKCJkucUBXAzk/getUpdates "HTTP/1.1 200 OK"
2025-08-03 21:18:33,178 - INFO - HTTP Request: POST https://api.telegram.org/bot7467409659:AAECM2gp_2LQfgDYVO9fh5NKCJkucUBXAzk/getUpdates "HTTP/1.1 200 OK"
2025-08-03 21:18:43,412 - INFO - HTTP Request: POST https://api.telegram.org/bot7467409659:AAECM2gp_2LQfgDYVO9fh5NKCJkucUBXAzk/getUpdates "HTTP/1.1 200 OK"
2025-08-03 21:18:53,655 - INFO - HTTP Request: POST https://api.telegram.org/bot7467409659:AAECM2gp_2LQfgDYVO9fh5NKCJkucUBXAzk/getUpdates "HTTP/1.1 200 OK"
2025-08-03 21:18:57,415 - INFO - HTTP Request: POST https://api.telegram.org/bot7467409659:AAECM2gp_2LQfgDYVO9fh5NKCJkucUBXAzk/sendMessage "HTTP/1.1 200 OK"
2025-08-03 21:19:03,872 - INFO - HTTP Request: POST https://api.telegram.org/bot7467409659:AAECM2gp_2LQfgDYVO9fh5NKCJkucUBXAzk/getUpdates "HTTP/1.1 200 OK"
2025-08-03 21:19:14,083 - INFO - HTTP Request: POST https://api.telegram.org/bot7467409659:AAECM2gp_2LQfgDYVO9fh5NKCJkucUBXAzk/getUpdates "HTTP/1.1 200 OK"
2025-08-03 21:19:24,288 - INFO - HTTP Request: POST https://api.telegram.org/bot7467409659:AAECM2gp_2LQfgDYVO9fh5NKCJkucUBXAzk/getUpdates "HTTP/1.1 200 OK"
2025-08-03 21:19:34,496 - INFO - HTTP Request: POST https://api.telegram.org/bot7467409659:AAECM2gp_2LQfgDYVO9fh5NKCJkucUBXAzk/getUpdates "HTTP/1.1 200 OK"
2025-08-03 21:19:36,748 - INFO - HTTP Request: POST https://api.telegram.org/bot7467409659:AAECM2gp_2LQfgDYVO9fh5NKCJkucUBXAzk/getUpdates "HTTP/1.1 200 OK"
2025-08-03 21:19:46,986 - INFO - HTTP Request: POST https://api.telegram.org/bot7467409659:AAECM2gp_2LQfgDYVO9fh5NKCJkucUBXAzk/getUpdates "HTTP/1.1 200 OK"
2025-08-03 21:19:57,208 - INFO - HTTP Request: POST https://api.telegram.org/bot7467409659:AAECM2gp_2LQfgDYVO9fh5NKCJkucUBXAzk/getUpdates "HTTP/1.1 200 OK"
2025-08-03 21:19:58,488 - INFO - HTTP Request: POST https://api.telegram.org/bot7467409659:AAECM2gp_2LQfgDYVO9fh5NKCJkucUBXAzk/sendMessage "HTTP/1.1 200 OK"
2025-08-03 21:20:07,419 - INFO - HTTP Request: POST https://api.telegram.org/bot7467409659:AAECM2gp_2LQfgDYVO9fh5NKCJkucUBXAzk/getUpdates "HTTP/1.1 200 OK"
2025-08-03 21:20:17,699 - INFO - HTTP Request: POST https://api.telegram.org/bot7467409659:AAECM2gp_2LQfgDYVO9fh5NKCJkucUBXAzk/getUpdates "HTTP/1.1 200 OK"
2025-08-03 21:20:27,943 - INFO - HTTP Request: POST https://api.telegram.org/bot7467409659:AAECM2gp_2LQfgDYVO9fh5NKCJkucUBXAzk/getUpdates "HTTP/1.1 200 OK"
2025-08-03 21:20:38,174 - INFO - HTTP Request: POST https://api.telegram.org/bot7467409659:AAECM2gp_2LQfgDYVO9fh5NKCJkucUBXAzk/getUpdates "HTTP/1.1 200 OK"
2025-08-03 21:20:48,826 - INFO - HTTP Request: POST https://api.telegram.org/bot7467409659:AAECM2gp_2LQfgDYVO9fh5NKCJkucUBXAzk/getUpdates "HTTP/1.1 200 OK"
2025-08-03 21:20:59,033 - INFO - HTTP Request: POST https://api.telegram.org/bot7467409659:AAECM2gp_2LQfgDYVO9fh5NKCJkucUBXAzk/getUpdates "HTTP/1.1 200 OK"
2025-08-03 21:20:59,585 - INFO - HTTP Request: POST https://api.telegram.org/bot7467409659:AAECM2gp_2LQfgDYVO9fh5NKCJkucUBXAzk/sendMessage "HTTP/1.1 200 OK"
2025-08-03 21:21:09,264 - INFO - HTTP Request: POST https://api.telegram.org/bot7467409659:AAECM2gp_2LQfgDYVO9fh5NKCJkucUBXAzk/getUpdates "HTTP/1.1 200 OK"
2025-08-03 21:21:19,469 - INFO - HTTP Request: POST https://api.telegram.org/bot7467409659:AAECM2gp_2LQfgDYVO9fh5NKCJkucUBXAzk/getUpdates "HTTP/1.1 200 OK"
2025-08-03 21:21:29,681 - INFO - HTTP Request: POST https://api.telegram.org/bot7467409659:AAECM2gp_2LQfgDYVO9fh5NKCJkucUBXAzk/getUpdates "HTTP/1.1 200 OK"
2025-08-03 21:21:39,882 - INFO - HTTP Request: POST https://api.telegram.org/bot7467409659:AAECM2gp_2LQfgDYVO9fh5NKCJkucUBXAzk/getUpdates "HTTP/1.1 200 OK"
2025-08-03 21:21:50,165 - INFO - HTTP Request: POST https://api.telegram.org/bot7467409659:AAECM2gp_2LQfgDYVO9fh5NKCJkucUBXAzk/getUpdates "HTTP/1.1 200 OK"
2025-08-03 21:21:58,323 - INFO - Application is stopping. This might take a moment.
2025-08-03 21:21:58,325 - INFO - Application.stop() complete
2025-08-03 21:22:31,994 - INFO - HTTP Request: POST https://api.telegram.org/bot7467409659:AAECM2gp_2LQfgDYVO9fh5NKCJkucUBXAzk/sendMessage "HTTP/1.1 200 OK"
2025-08-03 21:22:34,581 - INFO - HTTP Request: POST https://api.telegram.org/bot7467409659:AAECM2gp_2LQfgDYVO9fh5NKCJkucUBXAzk/getMe "HTTP/1.1 200 OK"
2025-08-03 21:22:34,787 - INFO - HTTP Request: POST https://api.telegram.org/bot7467409659:AAECM2gp_2LQfgDYVO9fh5NKCJkucUBXAzk/deleteWebhook "HTTP/1.1 200 OK"
2025-08-03 21:22:34,788 - INFO - Application started
2025-08-03 21:22:45,673 - INFO - HTTP Request: POST https://api.telegram.org/bot7467409659:AAECM2gp_2LQfgDYVO9fh5NKCJkucUBXAzk/getUpdates "HTTP/1.1 200 OK"
2025-08-03 21:22:55,882 - INFO - HTTP Request: POST https://api.telegram.org/bot7467409659:AAECM2gp_2LQfgDYVO9fh5NKCJkucUBXAzk/getUpdates "HTTP/1.1 200 OK"
2025-08-03 21:23:06,077 - INFO - HTTP Request: POST https://api.telegram.org/bot7467409659:AAECM2gp_2LQfgDYVO9fh5NKCJkucUBXAzk/getUpdates "HTTP/1.1 200 OK"
2025-08-03 21:23:16,385 - INFO - HTTP Request: POST https://api.telegram.org/bot7467409659:AAECM2gp_2LQfgDYVO9fh5NKCJkucUBXAzk/getUpdates "HTTP/1.1 200 OK"
2025-08-03 21:23:26,616 - INFO - HTTP Request: POST https://api.telegram.org/bot7467409659:AAECM2gp_2LQfgDYVO9fh5NKCJkucUBXAzk/getUpdates "HTTP/1.1 200 OK"
2025-08-03 21:23:35,092 - INFO - HTTP Request: POST https://api.telegram.org/bot7467409659:AAECM2gp_2LQfgDYVO9fh5NKCJkucUBXAzk/sendMessage "HTTP/1.1 200 OK"
2025-08-03 21:23:36,862 - INFO - HTTP Request: POST https://api.telegram.org/bot7467409659:AAECM2gp_2LQfgDYVO9fh5NKCJkucUBXAzk/getUpdates "HTTP/1.1 200 OK"
2025-08-03 21:23:47,078 - INFO - HTTP Request: POST https://api.telegram.org/bot7467409659:AAECM2gp_2LQfgDYVO9fh5NKCJkucUBXAzk/getUpdates "HTTP/1.1 200 OK"
2025-08-03 21:23:57,731 - INFO - HTTP Request: POST https://api.telegram.org/bot7467409659:AAECM2gp_2LQfgDYVO9fh5NKCJkucUBXAzk/getUpdates "HTTP/1.1 200 OK"
2025-08-03 21:24:07,935 - INFO - HTTP Request: POST https://api.telegram.org/bot7467409659:AAECM2gp_2LQfgDYVO9fh5NKCJkucUBXAzk/getUpdates "HTTP/1.1 200 OK"
2025-08-03 21:24:18,146 - INFO - HTTP Request: POST https://api.telegram.org/bot7467409659:AAECM2gp_2LQfgDYVO9fh5NKCJkucUBXAzk/getUpdates "HTTP/1.1 200 OK"
2025-08-03 21:24:28,342 - INFO - HTTP Request: POST https://api.telegram.org/bot7467409659:AAECM2gp_2LQfgDYVO9fh5NKCJkucUBXAzk/getUpdates "HTTP/1.1 200 OK"
2025-08-03 21:24:40,315 - INFO - HTTP Request: POST https://api.telegram.org/bot7467409659:AAECM2gp_2LQfgDYVO9fh5NKCJkucUBXAzk/getUpdates "HTTP/1.1 200 OK"
2025-08-03 21:24:50,518 - INFO - HTTP Request: POST https://api.telegram.org/bot7467409659:AAECM2gp_2LQfgDYVO9fh5NKCJkucUBXAzk/getUpdates "HTTP/1.1 200 OK"
2025-08-03 21:25:00,743 - INFO - HTTP Request: POST https://api.telegram.org/bot7467409659:AAECM2gp_2LQfgDYVO9fh5NKCJkucUBXAzk/getUpdates "HTTP/1.1 200 OK"
2025-08-03 21:25:11,073 - INFO - HTTP Request: POST https://api.telegram.org/bot7467409659:AAECM2gp_2LQfgDYVO9fh5NKCJkucUBXAzk/getUpdates "HTTP/1.1 200 OK"
2025-08-03 21:25:21,311 - INFO - HTTP Request: POST https://api.telegram.org/bot7467409659:AAECM2gp_2LQfgDYVO9fh5NKCJkucUBXAzk/getUpdates "HTTP/1.1 200 OK"
2025-08-03 21:25:32,029 - INFO - HTTP Request: POST https://api.telegram.org/bot7467409659:AAECM2gp_2LQfgDYVO9fh5NKCJkucUBXAzk/getUpdates "HTTP/1.1 200 OK"
2025-08-03 21:25:42,115 - INFO - HTTP Request: POST https://api.telegram.org/bot7467409659:AAECM2gp_2LQfgDYVO9fh5NKCJkucUBXAzk/sendMessage "HTTP/1.1 200 OK"
2025-08-03 21:25:42,240 - INFO - HTTP Request: POST https://api.telegram.org/bot7467409659:AAECM2gp_2LQfgDYVO9fh5NKCJkucUBXAzk/getUpdates "HTTP/1.1 200 OK"
2025-08-03 21:25:52,444 - INFO - HTTP Request: POST https://api.telegram.org/bot7467409659:AAECM2gp_2LQfgDYVO9fh5NKCJkucUBXAzk/getUpdates "HTTP/1.1 200 OK"
2025-08-03 21:26:02,653 - INFO - HTTP Request: POST https://api.telegram.org/bot7467409659:AAECM2gp_2LQfgDYVO9fh5NKCJkucUBXAzk/getUpdates "HTTP/1.1 200 OK"
2025-08-03 21:26:12,980 - INFO - HTTP Request: POST https://api.telegram.org/bot7467409659:AAECM2gp_2LQfgDYVO9fh5NKCJkucUBXAzk/getUpdates "HTTP/1.1 200 OK"
2025-08-03 21:26:23,181 - INFO - HTTP Request: POST https://api.telegram.org/bot7467409659:AAECM2gp_2LQfgDYVO9fh5NKCJkucUBXAzk/getUpdates "HTTP/1.1 200 OK"
2025-08-03 21:26:33,385 - INFO - HTTP Request: POST https://api.telegram.org/bot7467409659:AAECM2gp_2LQfgDYVO9fh5NKCJkucUBXAzk/getUpdates "HTTP/1.1 200 OK"
2025-08-03 21:26:43,155 - INFO - HTTP Request: POST https://api.telegram.org/bot7467409659:AAECM2gp_2LQfgDYVO9fh5NKCJkucUBXAzk/sendMessage "HTTP/1.1 200 OK"
2025-08-03 21:26:43,594 - INFO - HTTP Request: POST https://api.telegram.org/bot7467409659:AAECM2gp_2LQfgDYVO9fh5NKCJkucUBXAzk/getUpdates "HTTP/1.1 200 OK"
2025-08-03 21:26:53,790 - INFO - HTTP Request: POST https://api.telegram.org/bot7467409659:AAECM2gp_2LQfgDYVO9fh5NKCJkucUBXAzk/getUpdates "HTTP/1.1 200 OK"
2025-08-03 21:27:04,009 - INFO - HTTP Request: POST https://api.telegram.org/bot7467409659:AAECM2gp_2LQfgDYVO9fh5NKCJkucUBXAzk/getUpdates "HTTP/1.1 200 OK"
2025-08-03 21:27:14,215 - INFO - HTTP Request: POST https://api.telegram.org/bot7467409659:AAECM2gp_2LQfgDYVO9fh5NKCJkucUBXAzk/getUpdates "HTTP/1.1 200 OK"
2025-08-03 21:27:24,490 - INFO - HTTP Request: POST https://api.telegram.org/bot7467409659:AAECM2gp_2LQfgDYVO9fh5NKCJkucUBXAzk/getUpdates "HTTP/1.1 200 OK"
2025-08-03 21:27:34,705 - INFO - HTTP Request: POST https://api.telegram.org/bot7467409659:AAECM2gp_2LQfgDYVO9fh5NKCJkucUBXAzk/getUpdates "HTTP/1.1 200 OK"
2025-08-03 21:27:44,910 - INFO - HTTP Request: POST https://api.telegram.org/bot7467409659:AAECM2gp_2LQfgDYVO9fh5NKCJkucUBXAzk/getUpdates "HTTP/1.1 200 OK"
2025-08-03 21:27:46,460 - INFO - HTTP Request: POST https://api.telegram.org/bot7467409659:AAECM2gp_2LQfgDYVO9fh5NKCJkucUBXAzk/sendMessage "HTTP/1.1 200 OK"
2025-08-03 21:27:55,543 - INFO - HTTP Request: POST https://api.telegram.org/bot7467409659:AAECM2gp_2LQfgDYVO9fh5NKCJkucUBXAzk/getUpdates "HTTP/1.1 200 OK"
2025-08-03 21:28:05,760 - INFO - HTTP Request: POST https://api.telegram.org/bot7467409659:AAECM2gp_2LQfgDYVO9fh5NKCJkucUBXAzk/getUpdates "HTTP/1.1 200 OK"
2025-08-03 21:28:15,964 - INFO - HTTP Request: POST https://api.telegram.org/bot7467409659:AAECM2gp_2LQfgDYVO9fh5NKCJkucUBXAzk/getUpdates "HTTP/1.1 200 OK"
2025-08-03 21:28:26,168 - INFO - HTTP Request: POST https://api.telegram.org/bot7467409659:AAECM2gp_2LQfgDYVO9fh5NKCJkucUBXAzk/getUpdates "HTTP/1.1 200 OK"
2025-08-03 21:28:36,807 - INFO - HTTP Request: POST https://api.telegram.org/bot7467409659:AAECM2gp_2LQfgDYVO9fh5NKCJkucUBXAzk/getUpdates "HTTP/1.1 200 OK"
2025-08-03 21:28:47,467 - INFO - HTTP Request: POST https://api.telegram.org/bot7467409659:AAECM2gp_2LQfgDYVO9fh5NKCJkucUBXAzk/getUpdates "HTTP/1.1 200 OK"
2025-08-03 21:28:48,622 - INFO - HTTP Request: POST https://api.telegram.org/bot7467409659:AAECM2gp_2LQfgDYVO9fh5NKCJkucUBXAzk/sendMessage "HTTP/1.1 200 OK"
2025-08-03 21:28:57,671 - INFO - HTTP Request: POST https://api.telegram.org/bot7467409659:AAECM2gp_2LQfgDYVO9fh5NKCJkucUBXAzk/getUpdates "HTTP/1.1 200 OK"
2025-08-03 21:29:07,884 - INFO - HTTP Request: POST https://api.telegram.org/bot7467409659:AAECM2gp_2LQfgDYVO9fh5NKCJkucUBXAzk/getUpdates "HTTP/1.1 200 OK"
2025-08-03 21:29:18,085 - INFO - HTTP Request: POST https://api.telegram.org/bot7467409659:AAECM2gp_2LQfgDYVO9fh5NKCJkucUBXAzk/getUpdates "HTTP/1.1 200 OK"
2025-08-03 21:29:28,294 - INFO - HTTP Request: POST https://api.telegram.org/bot7467409659:AAECM2gp_2LQfgDYVO9fh5NKCJkucUBXAzk/getUpdates "HTTP/1.1 200 OK"
2025-08-03 21:29:38,496 - INFO - HTTP Request: POST https://api.telegram.org/bot7467409659:AAECM2gp_2LQfgDYVO9fh5NKCJkucUBXAzk/getUpdates "HTTP/1.1 200 OK"
2025-08-03 21:29:48,774 - INFO - HTTP Request: POST https://api.telegram.org/bot7467409659:AAECM2gp_2LQfgDYVO9fh5NKCJkucUBXAzk/getUpdates "HTTP/1.1 200 OK"
2025-08-03 21:29:49,775 - INFO - HTTP Request: POST https://api.telegram.org/bot7467409659:AAECM2gp_2LQfgDYVO9fh5NKCJkucUBXAzk/sendMessage "HTTP/1.1 200 OK"
2025-08-03 21:29:58,971 - INFO - HTTP Request: POST https://api.telegram.org/bot7467409659:AAECM2gp_2LQfgDYVO9fh5NKCJkucUBXAzk/getUpdates "HTTP/1.1 200 OK"
2025-08-03 21:30:09,249 - INFO - HTTP Request: POST https://api.telegram.org/bot7467409659:AAECM2gp_2LQfgDYVO9fh5NKCJkucUBXAzk/getUpdates "HTTP/1.1 200 OK"
2025-08-03 21:30:19,969 - INFO - HTTP Request: POST https://api.telegram.org/bot7467409659:AAECM2gp_2LQfgDYVO9fh5NKCJkucUBXAzk/getUpdates "HTTP/1.1 200 OK"
2025-08-03 21:30:30,171 - INFO - HTTP Request: POST https://api.telegram.org/bot7467409659:AAECM2gp_2LQfgDYVO9fh5NKCJkucUBXAzk/getUpdates "HTTP/1.1 200 OK"
2025-08-03 21:30:40,379 - INFO - HTTP Request: POST https://api.telegram.org/bot7467409659:AAECM2gp_2LQfgDYVO9fh5NKCJkucUBXAzk/getUpdates "HTTP/1.1 200 OK"
2025-08-03 21:30:50,594 - INFO - HTTP Request: POST https://api.telegram.org/bot7467409659:AAECM2gp_2LQfgDYVO9fh5NKCJkucUBXAzk/getUpdates "HTTP/1.1 200 OK"
2025-08-03 21:30:50,692 - INFO - HTTP Request: POST https://api.telegram.org/bot7467409659:AAECM2gp_2LQfgDYVO9fh5NKCJkucUBXAzk/sendMessage "HTTP/1.1 200 OK"
2025-08-03 21:31:00,812 - INFO - HTTP Request: POST https://api.telegram.org/bot7467409659:AAECM2gp_2LQfgDYVO9fh5NKCJkucUBXAzk/getUpdates "HTTP/1.1 200 OK"
2025-08-03 21:31:11,031 - INFO - HTTP Request: POST https://api.telegram.org/bot7467409659:AAECM2gp_2LQfgDYVO9fh5NKCJkucUBXAzk/getUpdates "HTTP/1.1 200 OK"
2025-08-03 21:31:21,227 - INFO - HTTP Request: POST https://api.telegram.org/bot7467409659:AAECM2gp_2LQfgDYVO9fh5NKCJkucUBXAzk/getUpdates "HTTP/1.1 200 OK"
2025-08-03 21:31:31,424 - INFO - HTTP Request: POST https://api.telegram.org/bot7467409659:AAECM2gp_2LQfgDYVO9fh5NKCJkucUBXAzk/getUpdates "HTTP/1.1 200 OK"
2025-08-03 21:31:41,628 - INFO - HTTP Request: POST https://api.telegram.org/bot7467409659:AAECM2gp_2LQfgDYVO9fh5NKCJkucUBXAzk/getUpdates "HTTP/1.1 200 OK"
2025-08-03 21:31:51,830 - INFO - HTTP Request: POST https://api.telegram.org/bot7467409659:AAECM2gp_2LQfgDYVO9fh5NKCJkucUBXAzk/getUpdates "HTTP/1.1 200 OK"
2025-08-03 21:31:52,150 - INFO - HTTP Request: POST https://api.telegram.org/bot7467409659:AAECM2gp_2LQfgDYVO9fh5NKCJkucUBXAzk/sendMessage "HTTP/1.1 200 OK"
2025-08-03 21:32:02,886 - INFO - HTTP Request: POST https://api.telegram.org/bot7467409659:AAECM2gp_2LQfgDYVO9fh5NKCJkucUBXAzk/getUpdates "HTTP/1.1 200 OK"
2025-08-03 21:32:13,103 - INFO - HTTP Request: POST https://api.telegram.org/bot7467409659:AAECM2gp_2LQfgDYVO9fh5NKCJkucUBXAzk/getUpdates "HTTP/1.1 200 OK"
2025-08-03 21:32:23,309 - INFO - HTTP Request: POST https://api.telegram.org/bot7467409659:AAECM2gp_2LQfgDYVO9fh5NKCJkucUBXAzk/getUpdates "HTTP/1.1 200 OK"
2025-08-03 21:32:33,509 - INFO - HTTP Request: POST https://api.telegram.org/bot7467409659:AAECM2gp_2LQfgDYVO9fh5NKCJkucUBXAzk/getUpdates "HTTP/1.1 200 OK"
2025-08-03 21:32:43,784 - INFO - HTTP Request: POST https://api.telegram.org/bot7467409659:AAECM2gp_2LQfgDYVO9fh5NKCJkucUBXAzk/getUpdates "HTTP/1.1 200 OK"
2025-08-03 21:32:53,163 - INFO - HTTP Request: POST https://api.telegram.org/bot7467409659:AAECM2gp_2LQfgDYVO9fh5NKCJkucUBXAzk/sendMessage "HTTP/1.1 200 OK"
2025-08-03 21:32:53,996 - INFO - HTTP Request: POST https://api.telegram.org/bot7467409659:AAECM2gp_2LQfgDYVO9fh5NKCJkucUBXAzk/getUpdates "HTTP/1.1 200 OK"
2025-08-03 21:33:04,260 - INFO - HTTP Request: POST https://api.telegram.org/bot7467409659:AAECM2gp_2LQfgDYVO9fh5NKCJkucUBXAzk/getUpdates "HTTP/1.1 200 OK"
2025-08-03 21:33:14,469 - INFO - HTTP Request: POST https://api.telegram.org/bot7467409659:AAECM2gp_2LQfgDYVO9fh5NKCJkucUBXAzk/getUpdates "HTTP/1.1 200 OK"
2025-08-03 21:33:24,668 - INFO - HTTP Request: POST https://api.telegram.org/bot7467409659:AAECM2gp_2LQfgDYVO9fh5NKCJkucUBXAzk/getUpdates "HTTP/1.1 200 OK"
2025-08-03 21:33:34,879 - INFO - HTTP Request: POST https://api.telegram.org/bot7467409659:AAECM2gp_2LQfgDYVO9fh5NKCJkucUBXAzk/getUpdates "HTTP/1.1 200 OK"
2025-08-03 21:33:45,546 - INFO - HTTP Request: POST https://api.telegram.org/bot7467409659:AAECM2gp_2LQfgDYVO9fh5NKCJkucUBXAzk/getUpdates "HTTP/1.1 200 OK"
2025-08-03 21:33:54,486 - INFO - HTTP Request: POST https://api.telegram.org/bot7467409659:AAECM2gp_2LQfgDYVO9fh5NKCJkucUBXAzk/sendMessage "HTTP/1.1 200 OK"
2025-08-03 21:33:55,761 - INFO - HTTP Request: POST https://api.telegram.org/bot7467409659:AAECM2gp_2LQfgDYVO9fh5NKCJkucUBXAzk/getUpdates "HTTP/1.1 200 OK"
2025-08-03 21:34:05,958 - INFO - HTTP Request: POST https://api.telegram.org/bot7467409659:AAECM2gp_2LQfgDYVO9fh5NKCJkucUBXAzk/getUpdates "HTTP/1.1 200 OK"
2025-08-03 21:34:16,242 - INFO - HTTP Request: POST https://api.telegram.org/bot7467409659:AAECM2gp_2LQfgDYVO9fh5NKCJkucUBXAzk/getUpdates "HTTP/1.1 200 OK"
2025-08-03 21:34:26,491 - INFO - HTTP Request: POST https://api.telegram.org/bot7467409659:AAECM2gp_2LQfgDYVO9fh5NKCJkucUBXAzk/getUpdates "HTTP/1.1 200 OK"
2025-08-03 21:34:36,713 - INFO - HTTP Request: POST https://api.telegram.org/bot7467409659:AAECM2gp_2LQfgDYVO9fh5NKCJkucUBXAzk/getUpdates "HTTP/1.1 200 OK"
2025-08-03 21:34:46,913 - INFO - HTTP Request: POST https://api.telegram.org/bot7467409659:AAECM2gp_2LQfgDYVO9fh5NKCJkucUBXAzk/getUpdates "HTTP/1.1 200 OK"
2025-08-03 21:34:55,546 - INFO - HTTP Request: POST https://api.telegram.org/bot7467409659:AAECM2gp_2LQfgDYVO9fh5NKCJkucUBXAzk/sendMessage "HTTP/1.1 200 OK"
2025-08-03 21:34:58,155 - INFO - HTTP Request: POST https://api.telegram.org/bot7467409659:AAECM2gp_2LQfgDYVO9fh5NKCJkucUBXAzk/getUpdates "HTTP/1.1 200 OK"
2025-08-03 21:35:08,370 - INFO - HTTP Request: POST https://api.telegram.org/bot7467409659:AAECM2gp_2LQfgDYVO9fh5NKCJkucUBXAzk/getUpdates "HTTP/1.1 200 OK"
2025-08-03 21:35:18,565 - INFO - HTTP Request: POST https://api.telegram.org/bot7467409659:AAECM2gp_2LQfgDYVO9fh5NKCJkucUBXAzk/getUpdates "HTTP/1.1 200 OK"
2025-08-03 21:35:28,772 - INFO - HTTP Request: POST https://api.telegram.org/bot7467409659:AAECM2gp_2LQfgDYVO9fh5NKCJkucUBXAzk/getUpdates "HTTP/1.1 200 OK"
2025-08-03 21:35:38,981 - INFO - HTTP Request: POST https://api.telegram.org/bot7467409659:AAECM2gp_2LQfgDYVO9fh5NKCJkucUBXAzk/getUpdates "HTTP/1.1 200 OK"
2025-08-03 21:35:49,201 - INFO - HTTP Request: POST https://api.telegram.org/bot7467409659:AAECM2gp_2LQfgDYVO9fh5NKCJkucUBXAzk/getUpdates "HTTP/1.1 200 OK"
2025-08-03 21:35:56,602 - INFO - HTTP Request: POST https://api.telegram.org/bot7467409659:AAECM2gp_2LQfgDYVO9fh5NKCJkucUBXAzk/sendMessage "HTTP/1.1 200 OK"
2025-08-03 21:35:59,415 - INFO - HTTP Request: POST https://api.telegram.org/bot7467409659:AAECM2gp_2LQfgDYVO9fh5NKCJkucUBXAzk/getUpdates "HTTP/1.1 200 OK"
2025-08-03 21:36:09,618 - INFO - HTTP Request: POST https://api.telegram.org/bot7467409659:AAECM2gp_2LQfgDYVO9fh5NKCJkucUBXAzk/getUpdates "HTTP/1.1 200 OK"
2025-08-03 21:36:19,812 - INFO - HTTP Request: POST https://api.telegram.org/bot7467409659:AAECM2gp_2LQfgDYVO9fh5NKCJkucUBXAzk/getUpdates "HTTP/1.1 200 OK"
2025-08-03 21:36:30,463 - INFO - HTTP Request: POST https://api.telegram.org/bot7467409659:AAECM2gp_2LQfgDYVO9fh5NKCJkucUBXAzk/getUpdates "HTTP/1.1 200 OK"
2025-08-03 21:36:40,668 - INFO - HTTP Request: POST https://api.telegram.org/bot7467409659:AAECM2gp_2LQfgDYVO9fh5NKCJkucUBXAzk/getUpdates "HTTP/1.1 200 OK"
2025-08-03 21:36:50,926 - INFO - HTTP Request: POST https://api.telegram.org/bot7467409659:AAECM2gp_2LQfgDYVO9fh5NKCJkucUBXAzk/getUpdates "HTTP/1.1 200 OK"
2025-08-03 21:36:57,480 - INFO - HTTP Request: POST https://api.telegram.org/bot7467409659:AAECM2gp_2LQfgDYVO9fh5NKCJkucUBXAzk/sendMessage "HTTP/1.1 200 OK"
2025-08-03 21:37:01,164 - INFO - HTTP Request: POST https://api.telegram.org/bot7467409659:AAECM2gp_2LQfgDYVO9fh5NKCJkucUBXAzk/getUpdates "HTTP/1.1 200 OK"
2025-08-03 21:37:11,362 - INFO - HTTP Request: POST https://api.telegram.org/bot7467409659:AAECM2gp_2LQfgDYVO9fh5NKCJkucUBXAzk/getUpdates "HTTP/1.1 200 OK"
2025-08-03 21:37:21,646 - INFO - HTTP Request: POST https://api.telegram.org/bot7467409659:AAECM2gp_2LQfgDYVO9fh5NKCJkucUBXAzk/getUpdates "HTTP/1.1 200 OK"
2025-08-03 21:37:31,841 - INFO - HTTP Request: POST https://api.telegram.org/bot7467409659:AAECM2gp_2LQfgDYVO9fh5NKCJkucUBXAzk/getUpdates "HTTP/1.1 200 OK"
2025-08-03 21:37:42,053 - INFO - HTTP Request: POST https://api.telegram.org/bot7467409659:AAECM2gp_2LQfgDYVO9fh5NKCJkucUBXAzk/getUpdates "HTTP/1.1 200 OK"
2025-08-03 21:37:52,261 - INFO - HTTP Request: POST https://api.telegram.org/bot7467409659:AAECM2gp_2LQfgDYVO9fh5NKCJkucUBXAzk/getUpdates "HTTP/1.1 200 OK"
2025-08-03 21:37:58,556 - INFO - HTTP Request: POST https://api.telegram.org/bot7467409659:AAECM2gp_2LQfgDYVO9fh5NKCJkucUBXAzk/sendMessage "HTTP/1.1 200 OK"
2025-08-03 21:38:02,469 - INFO - HTTP Request: POST https://api.telegram.org/bot7467409659:AAECM2gp_2LQfgDYVO9fh5NKCJkucUBXAzk/getUpdates "HTTP/1.1 200 OK"
2025-08-03 21:38:12,675 - INFO - HTTP Request: POST https://api.telegram.org/bot7467409659:AAECM2gp_2LQfgDYVO9fh5NKCJkucUBXAzk/getUpdates "HTTP/1.1 200 OK"
2025-08-03 21:38:22,914 - INFO - HTTP Request: POST https://api.telegram.org/bot7467409659:AAECM2gp_2LQfgDYVO9fh5NKCJkucUBXAzk/getUpdates "HTTP/1.1 200 OK"
2025-08-03 21:38:33,121 - INFO - HTTP Request: POST https://api.telegram.org/bot7467409659:AAECM2gp_2LQfgDYVO9fh5NKCJkucUBXAzk/getUpdates "HTTP/1.1 200 OK"
2025-08-03 21:38:43,324 - INFO - HTTP Request: POST https://api.telegram.org/bot7467409659:AAECM2gp_2LQfgDYVO9fh5NKCJkucUBXAzk/getUpdates "HTTP/1.1 200 OK"
2025-08-03 21:38:53,525 - INFO - HTTP Request: POST https://api.telegram.org/bot7467409659:AAECM2gp_2LQfgDYVO9fh5NKCJkucUBXAzk/getUpdates "HTTP/1.1 200 OK"
2025-08-03 21:38:59,544 - INFO - HTTP Request: POST https://api.telegram.org/bot7467409659:AAECM2gp_2LQfgDYVO9fh5NKCJkucUBXAzk/sendMessage "HTTP/1.1 200 OK"
2025-08-03 21:39:03,749 - INFO - HTTP Request: POST https://api.telegram.org/bot7467409659:AAECM2gp_2LQfgDYVO9fh5NKCJkucUBXAzk/getUpdates "HTTP/1.1 200 OK"
2025-08-03 21:39:13,950 - INFO - HTTP Request: POST https://api.telegram.org/bot7467409659:AAECM2gp_2LQfgDYVO9fh5NKCJkucUBXAzk/getUpdates "HTTP/1.1 200 OK"
2025-08-03 21:39:24,188 - INFO - HTTP Request: POST https://api.telegram.org/bot7467409659:AAECM2gp_2LQfgDYVO9fh5NKCJkucUBXAzk/getUpdates "HTTP/1.1 200 OK"
2025-08-03 21:39:34,411 - INFO - HTTP Request: POST https://api.telegram.org/bot7467409659:AAECM2gp_2LQfgDYVO9fh5NKCJkucUBXAzk/getUpdates "HTTP/1.1 200 OK"
2025-08-03 21:39:44,649 - INFO - HTTP Request: POST https://api.telegram.org/bot7467409659:AAECM2gp_2LQfgDYVO9fh5NKCJkucUBXAzk/getUpdates "HTTP/1.1 200 OK"
2025-08-03 21:39:56,660 - INFO - HTTP Request: POST https://api.telegram.org/bot7467409659:AAECM2gp_2LQfgDYVO9fh5NKCJkucUBXAzk/getUpdates "HTTP/1.1 200 OK"
2025-08-03 21:40:00,402 - INFO - HTTP Request: POST https://api.telegram.org/bot7467409659:AAECM2gp_2LQfgDYVO9fh5NKCJkucUBXAzk/sendMessage "HTTP/1.1 200 OK"
2025-08-03 21:40:06,882 - INFO - HTTP Request: POST https://api.telegram.org/bot7467409659:AAECM2gp_2LQfgDYVO9fh5NKCJkucUBXAzk/getUpdates "HTTP/1.1 200 OK"
2025-08-03 21:40:17,078 - INFO - HTTP Request: POST https://api.telegram.org/bot7467409659:AAECM2gp_2LQfgDYVO9fh5NKCJkucUBXAzk/getUpdates "HTTP/1.1 200 OK"
2025-08-03 21:40:21,520 - INFO - HTTP Request: POST https://api.telegram.org/bot7467409659:AAECM2gp_2LQfgDYVO9fh5NKCJkucUBXAzk/getUpdates "HTTP/1.1 200 OK"
2025-08-03 21:40:31,845 - INFO - HTTP Request: POST https://api.telegram.org/bot7467409659:AAECM2gp_2LQfgDYVO9fh5NKCJkucUBXAzk/getUpdates "HTTP/1.1 200 OK"
2025-08-03 21:40:42,150 - INFO - HTTP Request: POST https://api.telegram.org/bot7467409659:AAECM2gp_2LQfgDYVO9fh5NKCJkucUBXAzk/getUpdates "HTTP/1.1 200 OK"
2025-08-03 21:40:52,350 - INFO - HTTP Request: POST https://api.telegram.org/bot7467409659:AAECM2gp_2LQfgDYVO9fh5NKCJkucUBXAzk/getUpdates "HTTP/1.1 200 OK"
2025-08-03 21:41:01,619 - INFO - HTTP Request: POST https://api.telegram.org/bot7467409659:AAECM2gp_2LQfgDYVO9fh5NKCJkucUBXAzk/sendMessage "HTTP/1.1 200 OK"
2025-08-03 21:41:02,549 - INFO - HTTP Request: POST https://api.telegram.org/bot7467409659:AAECM2gp_2LQfgDYVO9fh5NKCJkucUBXAzk/getUpdates "HTTP/1.1 200 OK"
2025-08-03 21:41:12,787 - INFO - HTTP Request: POST https://api.telegram.org/bot7467409659:AAECM2gp_2LQfgDYVO9fh5NKCJkucUBXAzk/getUpdates "HTTP/1.1 200 OK"
2025-08-03 21:41:22,985 - INFO - HTTP Request: POST https://api.telegram.org/bot7467409659:AAECM2gp_2LQfgDYVO9fh5NKCJkucUBXAzk/getUpdates "HTTP/1.1 200 OK"
2025-08-03 21:41:33,186 - INFO - HTTP Request: POST https://api.telegram.org/bot7467409659:AAECM2gp_2LQfgDYVO9fh5NKCJkucUBXAzk/getUpdates "HTTP/1.1 200 OK"
2025-08-03 21:41:43,396 - INFO - HTTP Request: POST https://api.telegram.org/bot7467409659:AAECM2gp_2LQfgDYVO9fh5NKCJkucUBXAzk/getUpdates "HTTP/1.1 200 OK"
2025-08-03 21:41:53,595 - INFO - HTTP Request: POST https://api.telegram.org/bot7467409659:AAECM2gp_2LQfgDYVO9fh5NKCJkucUBXAzk/getUpdates "HTTP/1.1 200 OK"
2025-08-03 21:42:02,740 - INFO - HTTP Request: POST https://api.telegram.org/bot7467409659:AAECM2gp_2LQfgDYVO9fh5NKCJkucUBXAzk/sendMessage "HTTP/1.1 200 OK"
2025-08-03 21:42:03,796 - INFO - HTTP Request: POST https://api.telegram.org/bot7467409659:AAECM2gp_2LQfgDYVO9fh5NKCJkucUBXAzk/getUpdates "HTTP/1.1 200 OK"
2025-08-03 21:42:14,054 - INFO - HTTP Request: POST https://api.telegram.org/bot7467409659:AAECM2gp_2LQfgDYVO9fh5NKCJkucUBXAzk/getUpdates "HTTP/1.1 200 OK"
2025-08-03 21:42:24,292 - INFO - HTTP Request: POST https://api.telegram.org/bot7467409659:AAECM2gp_2LQfgDYVO9fh5NKCJkucUBXAzk/getUpdates "HTTP/1.1 200 OK"
2025-08-03 21:42:34,486 - INFO - HTTP Request: POST https://api.telegram.org/bot7467409659:AAECM2gp_2LQfgDYVO9fh5NKCJkucUBXAzk/getUpdates "HTTP/1.1 200 OK"
2025-08-03 21:42:44,696 - INFO - HTTP Request: POST https://api.telegram.org/bot7467409659:AAECM2gp_2LQfgDYVO9fh5NKCJkucUBXAzk/getUpdates "HTTP/1.1 200 OK"
2025-08-03 21:42:54,911 - INFO - HTTP Request: POST https://api.telegram.org/bot7467409659:AAECM2gp_2LQfgDYVO9fh5NKCJkucUBXAzk/getUpdates "HTTP/1.1 200 OK"
